*** thread 0 looped 0 times
*** thread 1 looped 0 times
*** thread 0 looped 1 times
*** thread 1 looped 1 times
*** thread 0 looped 2 times
*** thread 1 looped 2 times
*** thread 0 looped 3 times
*** thread 1 looped 3 times
*** thread 0 looped 4 times
*** thread 1 looped 4 times


Creando archivo medium5, tamaño: 152



El archivo que se quiere crear (medium5) ya existe, intente con otro nombre.

Copy: couldn't create output file medium5
No threads ready or runnable, and no pending interrupts.
Assuming the program completed.
Machine halting!

Ticks: total 3540, idle 3350, system 190, user 0
Disk I/O: reads 6, writes 0
Console I/O: reads 0, writes 0
Paging: faults 0
Network I/O: packets received 0, sent 0

Cleaning up...
