*** thread 0 looped 0 times
*** thread 1 looped 0 times
*** thread 0 looped 1 times
*** thread 1 looped 1 times
*** thread 0 looped 2 times
*** thread 1 looped 2 times
*** thread 0 looped 3 times
*** thread 1 looped 3 times
*** thread 0 looped 4 times
*** thread 1 looped 4 times


Creando archivo big2, tamaño: 608


No threads ready or runnable, and no pending interrupts.
Assuming the program completed.
Machine halting!

Ticks: total 1174010, idle 1172390, system 1620, user 0
Disk I/O: reads 78, writes 71
Console I/O: reads 0, writes 0
Paging: faults 0
Network I/O: packets received 0, sent 0

Cleaning up...
