*** thread 0 looped 0 times
*** thread 1 looped 0 times
*** thread 0 looped 1 times
*** thread 1 looped 1 times
*** thread 0 looped 2 times
*** thread 1 looped 2 times
*** thread 0 looped 3 times
*** thread 1 looped 3 times
*** thread 0 looped 4 times
*** thread 1 looped 4 times

Eliminando el archivo small5 ...

El archivo small5 se borro exitosamente.

No threads ready or runnable, and no pending interrupts.
Assuming the program completed.
Machine halting!

Ticks: total 83510, idle 83240, system 270, user 0
Disk I/O: reads 9, writes 5
Console I/O: reads 0, writes 0
Paging: faults 0
Network I/O: packets received 0, sent 0

Cleaning up...
