
Cleaning up...
*** thread 0 looped 0 times
*** thread 1 looped 0 times
*** thread 0 looped 1 times
*** thread 1 looped 1 times
*** thread 0 looped 2 times
*** thread 1 looped 2 times
*** thread 0 looped 3 times
*** thread 1 looped 3 times
*** thread 0 looped 4 times
*** thread 1 looped 4 times


Creando archivo small2, tamaño: 38


No threads ready or runnable, and no pending interrupts.
Assuming the program completed.
Machine halting!

Ticks: total 133510, idle 133110, system 400, user 0
Disk I/O: reads 17, writes 10
Console I/O: reads 0, writes 0
Paging: faults 0
Network I/O: packets received 0, sent 0

Cleaning up...
