*** thread 0 looped 0 times
*** thread 1 looped 0 times
*** thread 0 looped 1 times
*** thread 1 looped 1 times
*** thread 0 looped 2 times
*** thread 1 looped 2 times
*** thread 0 looped 3 times
*** thread 1 looped 3 times
*** thread 0 looped 4 times
*** thread 1 looped 4 times

Renombrando big5 ...


El archivo big5 ah sido renombrado como aPrueba exitosamente

No threads ready or runnable, and no pending interrupts.
Assuming the program completed.
Machine halting!

Ticks: total 99510, idle 99250, system 260, user 0
Disk I/O: reads 8, writes 5
Console I/O: reads 0, writes 0
Paging: faults 0
Network I/O: packets received 0, sent 0

Cleaning up...
