*** thread 0 looped 0 times
*** thread 1 looped 0 times
*** thread 0 looped 1 times
*** thread 1 looped 1 times
*** thread 0 looped 2 times
*** thread 1 looped 2 times
*** thread 0 looped 3 times
*** thread 1 looped 3 times
*** thread 0 looped 4 times
*** thread 1 looped 4 times


-------------------------------------------------------------------------------



NOMBRE:
	-cp.

SINTAXIS:
	./nachos -cp Nombre_Archivo_Unix Nombre_Archivo_Nachos.

DESCRIPCION:
	Copia un archivo de UNIX a el directorio de nachos como un archivo de nachos.

NOTA:
	El nombre del archivo de nachos no debe exceder los 9 caracteres.



-------------------------------------------------------------------------------

Machine halting!

Ticks: total 1140, idle 1000, system 140, user 0
Disk I/O: reads 2, writes 0
Console I/O: reads 0, writes 0
Paging: faults 0
Network I/O: packets received 0, sent 0

Cleaning up...
